<?xml version="1.0" encoding="UTF-8"?>
<testsuite xmlns:xsi="http://www.w3.org/2001/XMLSchema-instance" xsi:noNamespaceSchemaLocation="https://maven.apache.org/surefire/maven-surefire-plugin/xsd/surefire-test-report-3.0.xsd" version="3.0" name="com.yowpainter.MultiTenantIsolationTest" time="21.247" tests="2" errors="0" skipped="0" failures="0">
  <properties>
[...]
</properties>
  <testcase name="shouldRegisterTwoArtists" classname="com.yowpainter.MultiTenantIsolationTest" time="2.814">
    <system-out><![CDATA[21:17:44.095 [main] INFO org.springframework.test.context.support.AnnotationConfigContextLoaderUtils -- Could not detect default configuration classes for test class [com.yowpainter.MultiTenantIsolationTest]: MultiTenantIsolationTest does not declare any static, non-private, non-final, nested classes annotated with @Configuration.
21:17:44.402 [main] INFO org.springframework.boot.test.context.SpringBootTestContextBootstrapper -- Found @SpringBootConfiguration com.yowpainter.YowPainterApplication for test class com.yowpainter.MultiTenantIsolationTest

  .   ____          _            __ _ _
 /\\ / ___'_ __ _ _(_)_ __  __ _ \ \ \ \
( ( )\___ | '_ | '_| | '_ \/ _` | \ \ \ \
 \\/  ___)| |_)| | | | | || (_| |  ) ) ) )
  '  |____| .__|_| |_|_| |_\__, | / / / /
 =========|_|==============|___/=/_/_/_/
 :: Spring Boot ::                (v3.2.4)

2026-03-31T21:17:45.428+01:00  INFO 29116 --- [yowpainter-api] [           main] c.yowpainter.MultiTenantIsolationTest    : Starting MultiTenantIsolationTest using Java 19.0.2 with PID 29116 (started by Nguetchuissi brunel in C:\Users\Nguetchuissi brunel\Desktop\reseau\yowpainter-backend)
2026-03-31T21:17:45.431+01:00  INFO 29116 --- [yowpainter-api] [           main] c.yowpainter.MultiTenantIsolationTest    : The following 1 profile is active: "test"
2026-03-31T21:17:48.205+01:00  INFO 29116 --- [yowpainter-api] [           main] .s.d.r.c.RepositoryConfigurationDelegate : Bootstrapping Spring Data JPA repositories in DEFAULT mode.
2026-03-31T21:17:48.504+01:00  INFO 29116 --- [yowpainter-api] [           main] .s.d.r.c.RepositoryConfigurationDelegate : Finished Spring Data repository scanning in 269 ms. Found 14 JPA repository interfaces.
2026-03-31T21:17:50.142+01:00  INFO 29116 --- [yowpainter-api] [           main] o.hibernate.jpa.internal.util.LogHelper  : HHH000204: Processing PersistenceUnitInfo [name: default]
2026-03-31T21:17:50.398+01:00  INFO 29116 --- [yowpainter-api] [           main] org.hibernate.Version                    : HHH000412: Hibernate ORM core version 6.4.4.Final
2026-03-31T21:17:50.519+01:00  INFO 29116 --- [yowpainter-api] [           main] o.h.c.internal.RegionFactoryInitiator    : HHH000026: Second-level cache disabled
2026-03-31T21:17:51.304+01:00  INFO 29116 --- [yowpainter-api] [           main] o.s.o.j.p.SpringPersistenceUnitInfo      : No LoadTimeWeaver setup: ignoring JPA class transformer
2026-03-31T21:17:51.364+01:00  INFO 29116 --- [yowpainter-api] [           main] com.zaxxer.hikari.HikariDataSource       : HikariPool-1 - Starting...
2026-03-31T21:17:51.743+01:00  INFO 29116 --- [yowpainter-api] [           main] com.zaxxer.hikari.pool.HikariPool        : HikariPool-1 - Added connection conn0: url=jdbc:h2:mem:testdb user=SA
2026-03-31T21:17:51.746+01:00  INFO 29116 --- [yowpainter-api] [           main] com.zaxxer.hikari.HikariDataSource       : HikariPool-1 - Start completed.
2026-03-31T21:17:51.792+01:00  WARN 29116 --- [yowpainter-api] [           main] org.hibernate.orm.deprecation            : HHH90000025: H2Dialect does not need to be specified explicitly using 'hibernate.dialect' (remove the property setting and it will be selected by default)
2026-03-31T21:17:54.415+01:00  INFO 29116 --- [yowpainter-api] [           main] o.h.e.t.j.p.i.JtaPlatformInitiator       : HHH000489: No JTA platform available (set 'hibernate.transaction.jta.platform' to enable JTA platform integration)
Hibernate: 
    drop table if exists public.app_user cascade 
Hibernate: 
    drop table if exists public.artist cascade 
Hibernate: 
    drop table if exists public.refresh_token cascade 
Hibernate: 
    drop table if exists artwork cascade 
Hibernate: 
    drop table if exists artwork_comment cascade 
Hibernate: 
    drop table if exists artwork_image cascade 
Hibernate: 
    drop table if exists artwork_like cascade 
Hibernate: 
    drop table if exists event cascade 
Hibernate: 
    drop table if exists notification cascade 
Hibernate: 
    drop table if exists order_item cascade 
Hibernate: 
    drop table if exists payment cascade 
Hibernate: 
    drop table if exists product cascade 
Hibernate: 
    drop table if exists reservation cascade 
Hibernate: 
    drop table if exists shop_order cascade 
Hibernate: 
    drop table if exists subscription cascade 
Hibernate: 
    drop table if exists ticket cascade 
Hibernate: 
    create table public.app_user (
        created_at timestamp(6),
        id uuid not null,
        email varchar(255) not null unique,
        first_name varchar(255),
        last_name varchar(255),
        password_hash varchar(255) not null,
        profile_picture_url varchar(255),
        role varchar(255) check (role in ('ROLE_ADMIN','ROLE_ARTIST','ROLE_BUYER')),
        primary key (id)
    )
Hibernate: 
    create table public.artist (
        id uuid not null,
        tenant_id uuid,
        artist_name varchar(255) not null,
        banner_url varchar(255),
        bio TEXT,
        location varchar(255),
        slug varchar(255) not null unique,
        status varchar(255),
        primary key (id)
    )
Hibernate: 
    create table public.refresh_token (
        expiry_date timestamp(6) with time zone not null,
        id uuid not null,
        user_id uuid unique,
        token varchar(255) not null unique,
        primary key (id)
    )
Hibernate: 
    create table artwork (
        like_count integer not null,
        view_count integer not null,
        created_at timestamp(6),
        published_at timestamp(6),
        artist_id uuid not null,
        id uuid not null,
        description TEXT,
        dimensions varchar(255),
        status varchar(255) not null check (status in ('DRAFT','PUBLISHED','ON_SALE','SUSPENDED','SOLD','ARCHIVED','DELETED')),
        style varchar(255) check (style in ('ABSTRACT','FIGURATIVE','PORTRAIT','LANDSCAPE','STILL_LIFE','SURREALISM','IMPRESSIONISM','POP_ART','CONTEMPORARY','OTHER')),
        technique varchar(255) check (technique in ('OIL','ACRYLIC','WATERCOLOR','GOUACHE','PASTEL','CHARCOAL','PENCIL','MIXED_MEDIA','OTHER')),
        title varchar(255) not null,
        tags jsonb,
        primary key (id)
    )
Hibernate: 
    create table artwork_comment (
        created_at timestamp(6),
        artwork_id uuid not null,
        id uuid not null,
        user_id uuid not null,
        content TEXT not null,
        primary key (id)
    )
Hibernate: 
    create table artwork_image (
        is_primary boolean not null,
        sort_order integer not null,
        artwork_id uuid not null,
        id uuid not null,
        image_url varchar(255) not null,
        primary key (id)
    )
Hibernate: 
    create table artwork_like (
        created_at timestamp(6),
        artwork_id uuid not null,
        id uuid not null,
        user_id uuid not null,
        primary key (id),
        unique (artwork_id, user_id)
    )
Hibernate: 
    create table event (
        max_capacity integer not null,
        reserved_count integer not null,
        ticket_price numeric(38,2) not null,
        end_date_time timestamp(6) not null,
        start_date_time timestamp(6) not null,
        artist_id uuid not null,
        id uuid not null,
        description TEXT,
        location varchar(255),
        name varchar(255) not null,
        poster_url varchar(255),
        status varchar(255) not null check (status in ('DRAFT','PUBLISHED','FULL','ONGOING','COMPLETED','CANCELLED')),
        type varchar(255) check (type in ('EXHIBITION','WORKSHOP','AUCTION','MEETUP','OTHER')),
        primary key (id)
    )
Hibernate: 
    create table notification (
        is_read boolean not null,
        created_at timestamp(6),
        id uuid not null,
        user_id uuid not null,
        message varchar(255) not null,
        primary key (id)
    )
Hibernate: 
    create table order_item (
        quantity integer not null,
        unit_price numeric(38,2) not null,
        id uuid not null,
        order_id uuid not null,
        product_id uuid not null,
        primary key (id)
    )
Hibernate: 
    create table payment (
        amount numeric(38,2) not null,
        created_at timestamp(6),
        id uuid not null,
        reference_id uuid not null,
        user_id uuid not null,
        currency varchar(255) not null,
        reference_type varchar(255) not null,
        status varchar(255) not null check (status in ('PENDING','SUCCEEDED','FAILED','REFUNDED')),
        stripe_payment_intent_id varchar(255),
        primary key (id)
    )
Hibernate: 
    create table product (
        is_active boolean not null,
        price numeric(38,2) not null,
        stock_quantity integer not null,
        artist_id uuid not null,
        artwork_id uuid unique,
        id uuid not null,
        description TEXT,
        name varchar(255) not null,
        primary key (id)
    )
Hibernate: 
    create table reservation (
        reserved_at timestamp(6),
        event_id uuid not null,
        id uuid not null,
        payment_id uuid,
        user_id uuid not null,
        status varchar(255) not null check (status in ('PENDING','CONFIRMED','CANCELLED')),
        primary key (id)
    )
Hibernate: 
    create table shop_order (
        total_amount numeric(38,2) not null,
        created_at timestamp(6),
        updated_at timestamp(6),
        buyer_id uuid not null,
        id uuid not null,
        shipping_address varchar(255),
        status varchar(255) not null check (status in ('PENDING_PAYMENT','PAID','PROCESSING','SHIPPED','DELIVERED','CANCELLED','REFUNDED')),
        primary key (id)
    )
Hibernate: 
    create table subscription (
        is_active boolean not null,
        created_at timestamp(6),
        end_date timestamp(6),
        start_date timestamp(6),
        artist_id uuid not null unique,
        id uuid not null,
        plan varchar(255) not null check (plan in ('FREE','PRO','ELITE')),
        primary key (id)
    )
Hibernate: 
    create table ticket (
        is_scanned boolean not null,
        scanned_at timestamp(6),
        id uuid not null,
        reservation_id uuid not null unique,
        qr_code_data varchar(255) not null unique,
        qr_code_image_url varchar(255),
        primary key (id)
    )
Hibernate: 
    alter table if exists public.artist 
       add constraint FKgqc89yws3tw2lbs3avrokb284 
       foreign key (id) 
       references public.app_user
Hibernate: 
    alter table if exists public.refresh_token 
       add constraint FK5wkt2p042y3lwltk29cvpxuh 
       foreign key (user_id) 
       references public.app_user
Hibernate: 
    alter table if exists artwork_comment 
       add constraint FK6ntym9ktmtjl8aqq1s31u6pyb 
       foreign key (artwork_id) 
       references artwork
Hibernate: 
    alter table if exists artwork_comment 
       add constraint FKfoh4lj8dlsf1q59a6bcd7mnlc 
       foreign key (user_id) 
       references public.app_user
Hibernate: 
    alter table if exists artwork_image 
       add constraint FK4egu06ih2amkykxmdcrqg9rc6 
       foreign key (artwork_id) 
       references artwork
Hibernate: 
    alter table if exists artwork_like 
       add constraint FKf6msjl7kw9w3kiqe2mbymo5q6 
       foreign key (artwork_id) 
       references artwork
Hibernate: 
    alter table if exists artwork_like 
       add constraint FKktipoyl4jcsnf7v5vjy4v27t0 
       foreign key (user_id) 
       references public.app_user
Hibernate: 
    alter table if exists order_item 
       add constraint FK67irffekar4ku5ab7cx4wvrlv 
       foreign key (order_id) 
       references shop_order
Hibernate: 
    alter table if exists order_item 
       add constraint FK551losx9j75ss5d6bfsqvijna 
       foreign key (product_id) 
       references product
Hibernate: 
    alter table if exists product 
       add constraint FK6cm2gbftm14ajx0hallrgt32l 
       foreign key (artwork_id) 
       references artwork
Hibernate: 
    alter table if exists reservation 
       add constraint FK7frrxg8uwj7ekfxebjrumyjfo 
       foreign key (event_id) 
       references event
Hibernate: 
    alter table if exists ticket 
       add constraint FKocy25e6lqyhj0c7bcb5auii7n 
       foreign key (reservation_id) 
       references reservation
2026-03-31T21:17:54.581+01:00  INFO 29116 --- [yowpainter-api] [           main] j.LocalContainerEntityManagerFactoryBean : Initialized JPA EntityManagerFactory for persistence unit 'default'
2026-03-31T21:17:56.108+01:00  INFO 29116 --- [yowpainter-api] [           main] o.s.d.j.r.query.QueryEnhancerFactory     : Hibernate is in classpath; If applicable, HQL parser will be used.
2026-03-31T21:17:59.445+01:00  WARN 29116 --- [yowpainter-api] [           main] JpaBaseConfiguration$JpaWebConfiguration : spring.jpa.open-in-view is enabled by default. Therefore, database queries may be performed during view rendering. Explicitly configure spring.jpa.open-in-view to disable this warning
2026-03-31T21:18:00.318+01:00  INFO 29116 --- [yowpainter-api] [           main] o.s.s.web.DefaultSecurityFilterChain     : Will secure any request with [org.springframework.security.web.session.DisableEncodeUrlFilter@565e7091, org.springframework.security.web.context.request.async.WebAsyncManagerIntegrationFilter@3269a5c3, org.springframework.security.web.context.SecurityContextHolderFilter@4e457978, org.springframework.security.web.header.HeaderWriterFilter@5d0c6120, org.springframework.web.filter.CorsFilter@c1539bf, org.springframework.security.web.authentication.logout.LogoutFilter@447a115e, com.yowpainter.shared.security.JwtAuthFilter@360ccb68, com.yowpainter.shared.tenant.TenantContextFilter@78762e87, org.springframework.security.web.savedrequest.RequestCacheAwareFilter@6beac50c, org.springframework.security.web.servletapi.SecurityContextHolderAwareRequestFilter@5d4a950, org.springframework.security.web.authentication.AnonymousAuthenticationFilter@790801f2, org.springframework.security.web.session.SessionManagementFilter@62408c4, org.springframework.security.web.access.ExceptionTranslationFilter@108487e8, org.springframework.security.web.access.intercept.AuthorizationFilter@59f7a495]
2026-03-31T21:18:01.438+01:00  INFO 29116 --- [yowpainter-api] [           main] o.s.b.t.m.w.SpringBootMockServletContext : Initializing Spring TestDispatcherServlet ''
2026-03-31T21:18:01.438+01:00  INFO 29116 --- [yowpainter-api] [           main] o.s.t.web.servlet.TestDispatcherServlet  : Initializing Servlet ''
2026-03-31T21:18:01.441+01:00  INFO 29116 --- [yowpainter-api] [           main] o.s.t.web.servlet.TestDispatcherServlet  : Completed initialization in 2 ms
2026-03-31T21:18:01.502+01:00  INFO 29116 --- [yowpainter-api] [           main] c.yowpainter.MultiTenantIsolationTest    : Started MultiTenantIsolationTest in 16.735 seconds (process running for 19.661)
2026-03-31T21:18:01.542+01:00  INFO 29116 --- [yowpainter-api] [   scheduling-1] c.y.m.s.scheduler.OrderTimeoutScheduler  : Starting Multi-Tenant Abandoned Orders Cleanup...
Hibernate: 
    select
        a1_0.id,
        a1_1.created_at,
        a1_1.email,
        a1_1.first_name,
        a1_1.last_name,
        a1_1.password_hash,
        a1_1.profile_picture_url,
        a1_1.role,
        a1_0.artist_name,
        a1_0.banner_url,
        a1_0.bio,
        a1_0.location,
        a1_0.slug,
        a1_0.status,
        a1_0.tenant_id 
    from
        public.artist a1_0 
    join
        public.app_user a1_1 
            on a1_0.id=a1_1.id
2026-03-31T21:18:01.851+01:00  INFO 29116 --- [yowpainter-api] [   scheduling-1] c.y.m.s.scheduler.OrderTimeoutScheduler  : Multi-Tenant Abandoned Orders Cleanup Finished.
Hibernate: 
    select
        au1_0.id,
        case 
            when au1_1.id is not null 
                then 1 
            when au1_0.id is not null 
                then 0 
            end,
            au1_0.created_at,
            au1_0.email,
            au1_0.first_name,
            au1_0.last_name,
            au1_0.password_hash,
            au1_0.profile_picture_url,
            au1_0.role,
            au1_1.artist_name,
            au1_1.banner_url,
            au1_1.bio,
            au1_1.location,
            au1_1.slug,
            au1_1.status,
            au1_1.tenant_id 
        from
            public.app_user au1_0 
        left join
            public.artist au1_1 
                on au1_0.id=au1_1.id 
        where
            au1_0.email=?
Hibernate: 
    select
        a1_0.id,
        a1_1.created_at,
        a1_1.email,
        a1_1.first_name,
        a1_1.last_name,
        a1_1.password_hash,
        a1_1.profile_picture_url,
        a1_1.role,
        a1_0.artist_name,
        a1_0.banner_url,
        a1_0.bio,
        a1_0.location,
        a1_0.slug,
        a1_0.status,
        a1_0.tenant_id 
    from
        public.artist a1_0 
    join
        public.app_user a1_1 
            on a1_0.id=a1_1.id 
    where
        a1_0.slug=?
2026-03-31T21:18:03.157+01:00  INFO 29116 --- [yowpainter-api] [           main] c.y.s.tenant.TenantProvisioningService   : Provisioning schema for tenant: boutiquealpha
2026-03-31T21:18:03.357+01:00  INFO 29116 --- [yowpainter-api] [           main] org.flywaydb.core.FlywayExecutor         : Database: jdbc:h2:mem:testdb (H2 2.2)
2026-03-31T21:18:03.372+01:00  WARN 29116 --- [yowpainter-api] [           main] o.f.c.internal.database.base.Database    : Flyway upgrade recommended: H2 2.2.224 is newer than this version of Flyway and support has not been tested. The latest supported version of H2 is 2.2.220.
2026-03-31T21:18:03.425+01:00  INFO 29116 --- [yowpainter-api] [           main] o.f.c.i.s.JdbcTableSchemaHistory         : Schema history table "boutiquealpha"."flyway_schema_history" does not exist yet
2026-03-31T21:18:03.431+01:00  INFO 29116 --- [yowpainter-api] [           main] o.f.core.internal.command.DbValidate     : Successfully validated 1 migration (execution time 00:00.036s)
2026-03-31T21:18:03.453+01:00  INFO 29116 --- [yowpainter-api] [           main] o.f.c.i.s.JdbcTableSchemaHistory         : Creating Schema History table "boutiquealpha"."flyway_schema_history" ...
2026-03-31T21:18:03.514+01:00  INFO 29116 --- [yowpainter-api] [           main] o.f.core.internal.command.DbMigrate      : Current version of schema "boutiquealpha": << Empty Schema >>
2026-03-31T21:18:03.561+01:00  INFO 29116 --- [yowpainter-api] [           main] o.f.core.internal.command.DbMigrate      : Migrating schema "boutiquealpha" to version "1 - init tenant schema"
2026-03-31T21:18:03.627+01:00  INFO 29116 --- [yowpainter-api] [           main] o.f.core.internal.command.DbMigrate      : Successfully applied 1 migration to schema "boutiquealpha", now at version v1 (execution time 00:00.037s)
2026-03-31T21:18:03.639+01:00  INFO 29116 --- [yowpainter-api] [           main] c.y.s.tenant.TenantProvisioningService   : Schema boutiquealpha provisioned and migrated successfully.
Hibernate: 
    insert 
    into
        public.app_user
        (created_at, email, first_name, last_name, password_hash, profile_picture_url, role, id) 
    values
        (?, ?, ?, ?, ?, ?, ?, ?)
Hibernate: 
    insert 
    into
        public.artist
        (artist_name, banner_url, bio, location, slug, status, tenant_id, id) 
    values
        (?, ?, ?, ?, ?, ?, ?, ?)
Hibernate: 
    select
        au1_0.id,
        case 
            when au1_1.id is not null 
                then 1 
            when au1_0.id is not null 
                then 0 
            end,
            au1_0.created_at,
            au1_0.email,
            au1_0.first_name,
            au1_0.last_name,
            au1_0.password_hash,
            au1_0.profile_picture_url,
            au1_0.role,
            au1_1.artist_name,
            au1_1.banner_url,
            au1_1.bio,
            au1_1.location,
            au1_1.slug,
            au1_1.status,
            au1_1.tenant_id 
        from
            public.app_user au1_0 
        left join
            public.artist au1_1 
                on au1_0.id=au1_1.id 
        where
            au1_0.email=?
Hibernate: 
    select
        a1_0.id,
        a1_1.created_at,
        a1_1.email,
        a1_1.first_name,
        a1_1.last_name,
        a1_1.password_hash,
        a1_1.profile_picture_url,
        a1_1.role,
        a1_0.artist_name,
        a1_0.banner_url,
        a1_0.bio,
        a1_0.location,
        a1_0.slug,
        a1_0.status,
        a1_0.tenant_id 
    from
        public.artist a1_0 
    join
        public.app_user a1_1 
            on a1_0.id=a1_1.id 
    where
        a1_0.slug=?
2026-03-31T21:18:03.891+01:00  INFO 29116 --- [yowpainter-api] [           main] c.y.s.tenant.TenantProvisioningService   : Provisioning schema for tenant: boutiquebeta
2026-03-31T21:18:03.908+01:00  INFO 29116 --- [yowpainter-api] [           main] org.flywaydb.core.FlywayExecutor         : Database: jdbc:h2:mem:testdb (H2 2.2)
2026-03-31T21:18:03.911+01:00  WARN 29116 --- [yowpainter-api] [           main] o.f.c.internal.database.base.Database    : Flyway upgrade recommended: H2 2.2.224 is newer than this version of Flyway and support has not been tested. The latest supported version of H2 is 2.2.220.
2026-03-31T21:18:03.913+01:00  INFO 29116 --- [yowpainter-api] [           main] o.f.c.i.s.JdbcTableSchemaHistory         : Schema history table "boutiquebeta"."flyway_schema_history" does not exist yet
2026-03-31T21:18:03.914+01:00  INFO 29116 --- [yowpainter-api] [           main] o.f.core.internal.command.DbValidate     : Successfully validated 1 migration (execution time 00:00.002s)
2026-03-31T21:18:03.917+01:00  INFO 29116 --- [yowpainter-api] [           main] o.f.c.i.s.JdbcTableSchemaHistory         : Creating Schema History table "boutiquebeta"."flyway_schema_history" ...
2026-03-31T21:18:03.926+01:00  INFO 29116 --- [yowpainter-api] [           main] o.f.core.internal.command.DbMigrate      : Current version of schema "boutiquebeta": << Empty Schema >>
2026-03-31T21:18:03.937+01:00  INFO 29116 --- [yowpainter-api] [           main] o.f.core.internal.command.DbMigrate      : Migrating schema "boutiquebeta" to version "1 - init tenant schema"
2026-03-31T21:18:03.960+01:00  INFO 29116 --- [yowpainter-api] [           main] o.f.core.internal.command.DbMigrate      : Successfully applied 1 migration to schema "boutiquebeta", now at version v1 (execution time 00:00.020s)
2026-03-31T21:18:03.961+01:00  INFO 29116 --- [yowpainter-api] [           main] c.y.s.tenant.TenantProvisioningService   : Schema boutiquebeta provisioned and migrated successfully.
Hibernate: 
    insert 
    into
        public.app_user
        (created_at, email, first_name, last_name, password_hash, profile_picture_url, role, id) 
    values
        (?, ?, ?, ?, ?, ?, ?, ?)
Hibernate: 
    insert 
    into
        public.artist
        (artist_name, banner_url, bio, location, slug, status, tenant_id, id) 
    values
        (?, ?, ?, ?, ?, ?, ?, ?)
Hibernate: 
    select
        au1_0.id,
        case 
            when au1_1.id is not null 
                then 1 
            when au1_0.id is not null 
                then 0 
            end,
            au1_0.created_at,
            au1_0.email,
            au1_0.first_name,
            au1_0.last_name,
            au1_0.password_hash,
            au1_0.profile_picture_url,
            au1_0.role,
            au1_1.artist_name,
            au1_1.banner_url,
            au1_1.bio,
            au1_1.location,
            au1_1.slug,
            au1_1.status,
            au1_1.tenant_id 
        from
            public.app_user au1_0 
        left join
            public.artist au1_1 
                on au1_0.id=au1_1.id 
        where
            au1_0.email=?
Hibernate: 
    select
        au1_0.id,
        case 
            when au1_1.id is not null 
                then 1 
            when au1_0.id is not null 
                then 0 
            end,
            au1_0.created_at,
            au1_0.email,
            au1_0.first_name,
            au1_0.last_name,
            au1_0.password_hash,
            au1_0.profile_picture_url,
            au1_0.role,
            au1_1.artist_name,
            au1_1.banner_url,
            au1_1.bio,
            au1_1.location,
            au1_1.slug,
            au1_1.status,
            au1_1.tenant_id 
        from
            public.app_user au1_0 
        left join
            public.artist au1_1 
                on au1_0.id=au1_1.id 
        where
            au1_0.email=?
Hibernate: 
    insert 
    into
        public.refresh_token
        (expiry_date, token, user_id, id) 
    values
        (?, ?, ?, ?)
]]></system-out>
  </testcase>
  <testcase name="shouldVerifyDataIsolation" classname="com.yowpainter.MultiTenantIsolationTest" time="0.504">
    <system-out><![CDATA[Hibernate: 
    select
        au1_0.id,
        case 
            when au1_1.id is not null 
                then 1 
            when au1_0.id is not null 
                then 0 
            end,
            au1_0.created_at,
            au1_0.email,
            au1_0.first_name,
            au1_0.last_name,
            au1_0.password_hash,
            au1_0.profile_picture_url,
            au1_0.role,
            au1_1.artist_name,
            au1_1.banner_url,
            au1_1.bio,
            au1_1.location,
            au1_1.slug,
            au1_1.status,
            au1_1.tenant_id 
        from
            public.app_user au1_0 
        left join
            public.artist au1_1 
                on au1_0.id=au1_1.id 
        where
            au1_0.email=?
Hibernate: 
    select
        a1_0.id,
        a1_1.created_at,
        a1_1.email,
        a1_1.first_name,
        a1_1.last_name,
        a1_1.password_hash,
        a1_1.profile_picture_url,
        a1_1.role,
        a1_0.artist_name,
        a1_0.banner_url,
        a1_0.bio,
        a1_0.location,
        a1_0.slug,
        a1_0.status,
        a1_0.tenant_id 
    from
        public.artist a1_0 
    join
        public.app_user a1_1 
            on a1_0.id=a1_1.id 
    where
        a1_1.email=?
Hibernate: 
    insert 
    into
        artwork
        (artist_id, created_at, description, dimensions, like_count, published_at, status, style, tags, technique, title, view_count, id) 
    values
        (?, ?, ?, ?, ?, ?, ?, ?, ? format json, ?, ?, ?, ?)
Hibernate: 
    insert 
    into
        artwork_image
        (artwork_id, image_url, is_primary, sort_order, id) 
    values
        (?, ?, ?, ?, ?)
Hibernate: 
    select
        au1_0.id,
        case 
            when au1_1.id is not null 
                then 1 
            when au1_0.id is not null 
                then 0 
            end,
            au1_0.created_at,
            au1_0.email,
            au1_0.first_name,
            au1_0.last_name,
            au1_0.password_hash,
            au1_0.profile_picture_url,
            au1_0.role,
            au1_1.artist_name,
            au1_1.banner_url,
            au1_1.bio,
            au1_1.location,
            au1_1.slug,
            au1_1.status,
            au1_1.tenant_id 
        from
            public.app_user au1_0 
        left join
            public.artist au1_1 
                on au1_0.id=au1_1.id 
        where
            au1_0.email=?
Hibernate: 
    select
        a1_0.id,
        a1_0.artist_id,
        a1_0.created_at,
        a1_0.description,
        a1_0.dimensions,
        a1_0.like_count,
        a1_0.published_at,
        a1_0.status,
        a1_0.style,
        a1_0.tags,
        a1_0.technique,
        a1_0.title,
        a1_0.view_count 
    from
        artwork a1_0 
    where
        a1_0.id=?
Hibernate: 
    select
        a1_0.id,
        a1_1.created_at,
        a1_1.email,
        a1_1.first_name,
        a1_1.last_name,
        a1_1.password_hash,
        a1_1.profile_picture_url,
        a1_1.role,
        a1_0.artist_name,
        a1_0.banner_url,
        a1_0.bio,
        a1_0.location,
        a1_0.slug,
        a1_0.status,
        a1_0.tenant_id 
    from
        public.artist a1_0 
    join
        public.app_user a1_1 
            on a1_0.id=a1_1.id 
    where
        a1_1.email=?
Hibernate: 
    update
        artwork 
    set
        artist_id=?,
        description=?,
        dimensions=?,
        like_count=?,
        published_at=?,
        status=?,
        style=?,
        tags=? format json,
        technique=?,
        title=?,
        view_count=? 
    where
        id=?
Hibernate: 
    select
        p1_0.id,
        p1_0.artist_id,
        p1_0.artwork_id,
        p1_0.description,
        p1_0.is_active,
        p1_0.name,
        p1_0.price,
        p1_0.stock_quantity 
    from
        product p1_0 
    left join
        artwork a1_0 
            on a1_0.id=p1_0.artwork_id 
    where
        a1_0.id=?
Hibernate: 
    select
        a1_0.id,
        a1_0.artist_id,
        a1_0.created_at,
        a1_0.description,
        a1_0.dimensions,
        a1_0.like_count,
        a1_0.published_at,
        a1_0.status,
        a1_0.style,
        a1_0.tags,
        a1_0.technique,
        a1_0.title,
        a1_0.view_count 
    from
        artwork a1_0 
    where
        a1_0.status='PUBLISHED' 
        or a1_0.status='ON_SALE' 
    order by
        a1_0.published_at desc
Hibernate: 
    select
        a1_0.id,
        a1_1.created_at,
        a1_1.email,
        a1_1.first_name,
        a1_1.last_name,
        a1_1.password_hash,
        a1_1.profile_picture_url,
        a1_1.role,
        a1_0.artist_name,
        a1_0.banner_url,
        a1_0.bio,
        a1_0.location,
        a1_0.slug,
        a1_0.status,
        a1_0.tenant_id 
    from
        public.artist a1_0 
    join
        public.app_user a1_1 
            on a1_0.id=a1_1.id 
    where
        a1_0.id=?
Hibernate: 
    select
        i1_0.artwork_id,
        i1_0.id,
        i1_0.image_url,
        i1_0.is_primary,
        i1_0.sort_order 
    from
        artwork_image i1_0 
    where
        i1_0.artwork_id=?
Hibernate: 
    select
        a1_0.id,
        a1_0.artist_id,
        a1_0.created_at,
        a1_0.description,
        a1_0.dimensions,
        a1_0.like_count,
        a1_0.published_at,
        a1_0.status,
        a1_0.style,
        a1_0.tags,
        a1_0.technique,
        a1_0.title,
        a1_0.view_count 
    from
        artwork a1_0 
    where
        a1_0.status='PUBLISHED' 
        or a1_0.status='ON_SALE' 
    order by
        a1_0.published_at desc
]]></system-out>
  </testcase>
</testsuite>